<?xml version="1.0" encoding="UTF-8" ?>
<testsuites disabled="0" errors="0" failures="0" tests="2" time="0.006">
 <testsuite name="A suite" timestamp="2018-04-24T18:05:50" hostname="localhost" time="0.003" errors="0" tests="1" skipped="0" disabled="0" failures="0">
  <testcase classname="A suite" name="contains spec with an expectation" time="0.001" />
 </testsuite>
 <testsuite name="A suite is just a function" timestamp="2018-04-24T18:05:50" hostname="localhost" time="0.003" errors="0" tests="1" skipped="0" disabled="0" failures="0">
  <testcase classname="A suite is just a function" name="and so is a spec" time="0.001" />
 </testsuite>
</testsuites>